<?xml version="1.0" encoding="UTF-8"?>
<!-- Generated by org.testng.reporters.JUnitReportReporter -->
<testsuite hostname="Gemini" failures="0" tests="1" name="AzarProject.LongPress" time="30.851" errors="0" timestamp="2025-02-22T18:08:18 IST" skipped="0">
  <testcase classname="AzarProject.LongPress" name="LongPressGesture" time="30.851"/>
  <system-out/>
</testsuite> <!-- AzarProject.LongPress -->
