<?xml version="1.0" encoding="UTF-8"?>
<!-- Generated by org.testng.reporters.JUnitReportReporter -->
<testsuite hostname="Gemini" failures="0" tests="1" name="AzarProject.eCommerce_tc_3" time="27.903" errors="0" timestamp="2025-02-27T19:10:30 IST" skipped="0">
  <testcase classname="AzarProject.eCommerce_tc_3" name="FillForm" time="27.903"/>
  <system-out/>
</testsuite> <!-- AzarProject.eCommerce_tc_3 -->
