<?xml version="1.0" encoding="UTF-8"?>
<!-- Generated by org.testng.reporters.JUnitReportReporter -->
<testsuite hostname="Gemini" failures="0" tests="1" name="AzarProject.AppiumBasics" time="9.427" errors="0" timestamp="2025-02-22T15:53:52 IST" skipped="0">
  <testcase classname="AzarProject.AppiumBasics" name="WifiSettingsName" time="9.427"/>
  <system-out/>
</testsuite> <!-- AzarProject.AppiumBasics -->
