<?xml version="1.0" encoding="UTF-8"?>
<!-- Generated by org.testng.reporters.JUnitReportReporter -->
<testsuite hostname="Gemini" failures="0" tests="1" name="AzarProject.MobileBrowserTest" time="10.084" errors="0" timestamp="2025-02-28T00:58:11 IST" skipped="0">
  <testcase classname="AzarProject.MobileBrowserTest" name="browserTest" time="10.084"/>
  <system-out/>
</testsuite> <!-- AzarProject.MobileBrowserTest -->
