<?xml version="1.0" encoding="UTF-8"?>
<!-- Generated by org.testng.reporters.JUnitReportReporter -->
<testsuite hostname="Gemini" failures="0" tests="1" name="AzarProject.Rotate_CopyPaste_KeyBoard_Activity" time="12.174" errors="0" timestamp="2025-03-01T12:58:46 IST" skipped="0">
  <testcase classname="AzarProject.Rotate_CopyPaste_KeyBoard_Activity" name="WifiSettingsName" time="12.174"/>
  <system-out/>
</testsuite> <!-- AzarProject.Rotate_CopyPaste_KeyBoard_Activity -->
