<?xml version="1.0" encoding="UTF-8"?>
<!-- Generated by org.testng.reporters.JUnitReportReporter -->
<testsuite hostname="Gemini" failures="0" tests="1" name="org.academy.eCommerce_tc_Hybrid" time="25.369" errors="0" timestamp="2025-03-01T12:30:09 IST" skipped="0">
  <testcase classname="org.academy.eCommerce_tc_Hybrid" name="FillForm" time="25.369"/>
</testsuite> <!-- org.academy.eCommerce_tc_Hybrid -->
